2025-07-17 02:04:05 INFO            _                _                      
2025-07-17 02:04:05 INFO           / \   ___ ___ ___| | ___ _ __ __ _ _   _ 
2025-07-17 02:04:05 INFO          / _ \ / __/ __/ _ \ |/ _ \ '__/ _` | | | |
2025-07-17 02:04:05 INFO         / ___ \ (_| (_|  __/ |  __/ | | (_| | |_| |
2025-07-17 02:04:05 INFO        /_/   \_\___\___\___|_|\___|_|  \__, |\__, |
2025-07-17 02:04:05 INFO                                        |___/ |___/ 
2025-07-17 02:04:05 INFO        generating outputs according to the following specified output flags... 
2025-07-17 02:04:05 INFO         Please use the -f flag to update the preference (default to all output files)
2025-07-17 02:04:05 INFO        {'ERT': 1, 'ERT_summary': 1, 'ART': 1, 'ART_summary': 1, 'energy_estimation': 1, 'flattened_arch': 1}
2025-07-17 02:04:05 INFO        Located config file at /home/workspace/.config/accelergy/accelergy_config.yaml.
2025-07-17 02:04:05 INFO        config file located:
2025-07-17 02:04:05 INFO        /home/workspace/.config/accelergy/accelergy_config.yaml
2025-07-17 02:04:05 INFO        Parsing file /home/workspace/tutorial_exercises/PyNET_DNN_Accelerator_Design_exploration/outputs/layer=./inputs/PyNET_Layer4/problem.yaml/parsed-processed-input.yaml for architecture info
2025-07-17 02:04:05 INFO        Parsing file /home/workspace/tutorial_exercises/PyNET_DNN_Accelerator_Design_exploration/outputs/layer=./inputs/PyNET_Layer4/problem.yaml/parsed-processed-input.yaml for compound_components info
2025-07-17 02:04:05 WARNING     No compound component classes specified, architecture can only contain primitive components
2025-07-17 02:04:05 INFO        Adding required action "write" to class DRAM
2025-07-17 02:04:05 INFO        Adding required action "leak" to class DRAM
2025-07-17 02:04:05 INFO        Adding required action "update" to class DRAM
2025-07-17 02:04:05 INFO        Adding required action "read" to class DRAM
2025-07-17 02:04:05 INFO        Adding required action "write" to class SRAM
2025-07-17 02:04:05 INFO        Adding required action "leak" to class SRAM
2025-07-17 02:04:05 INFO        Adding required action "update" to class SRAM
2025-07-17 02:04:05 INFO        Adding required action "read" to class SRAM
2025-07-17 02:04:05 INFO        Adding required action "write" to class regfile
2025-07-17 02:04:05 INFO        Adding required action "leak" to class regfile
2025-07-17 02:04:05 INFO        Adding required action "update" to class regfile
2025-07-17 02:04:05 INFO        Adding required action "read" to class regfile
2025-07-17 02:04:05 INFO        Adding required action "compute" to class intmac
2025-07-17 02:04:05 INFO        Estimator plug-in identified by: /usr/local/share/accelergy/estimation_plug_ins/accelergy-aladdin-plug-in/aladdin.estimator.yaml
2025-07-17 02:04:05 INFO        Estimator plug-in identified by: /usr/local/share/accelergy/estimation_plug_ins/accelergy-adc-plug-in/adc.estimator.yaml
2025-07-17 02:04:05 INFO        Estimator plug-in identified by: /usr/local/share/accelergy/estimation_plug_ins/accelergy-library-plugin/library.estimator.yaml
2025-07-17 02:04:05 INFO        Estimator plug-in identified by: /usr/local/share/accelergy/estimation_plug_ins/accelergy-neurosim-plugin/neurosim.estimator.yaml
2025-07-17 02:04:05 INFO        Estimator plug-in identified by: /usr/local/share/accelergy/estimation_plug_ins/accelergy-cacti-plug-in/cacti.estimator.yaml
2025-07-17 02:04:05 INFO        Estimator plug-in identified by: /usr/local/share/accelergy/estimation_plug_ins/accelergy-table-based-plug-ins/table.estimator.yaml
2025-07-17 02:04:05 INFO        Estimator plug-in identified by: /usr/local/share/accelergy/estimation_plug_ins/dummy_tables/dummy.estimator.yaml
2025-07-17 02:04:05 INFO        Loading Python plug-in: /usr/local/share/accelergy/estimation_plug_ins/accelergy-cacti-plug-in/cacti_wrapper.py. Errors below are likely due to plug-in, not Accelergy.
2025-07-17 02:04:05 INFO        Getting all estimators in module <module 'python_plug_in0' from '/usr/local/share/accelergy/estimation_plug_ins/accelergy-cacti-plug-in/cacti_wrapper.py'>
2025-07-17 02:04:05 INFO        Added estimator CactiCache that estimates cache with actions idle, read, read_access, update, update_access, write, write_access, leak
2025-07-17 02:04:05 INFO        Added estimator CactiDRAM that estimates ['DRAM', 'dram'] with actions idle, read, update, write, leak
2025-07-17 02:04:05 INFO        Added estimator CactiSRAM that estimates ['SRAM', 'sram'] with actions idle, read, update, write, leak
2025-07-17 02:04:05 INFO        Done loading Python plug-ins.
2025-07-17 02:04:05 INFO        Found estimator plug-in: Aladdin_table (<AladdinTable.AladdinTable object at 0x72332fe67940>)
2025-07-17 02:04:05 INFO        Found estimator plug-in: ADC Plug-In (<ADCEstimator.ADCEstimator object at 0x72332fe65090>)
2025-07-17 02:04:05 INFO        Found estimator plug-in: Library (<LibraryEstimator.LibraryEstimator object at 0x72332fe67d30>)
2025-07-17 02:04:05 INFO        Found estimator plug-in: Neurosim Plug-In (<NeuroWrapper.NeuroWrapper object at 0x72332fe64ee0>)
2025-07-17 02:04:05 INFO        Found estimator plug-in: DEPRECATED table-based-plug-ins. Use the Library plug-in instead. (<SetsOfTables.SetsOfTables object at 0x72332fe64880>)
2025-07-17 02:04:05 INFO        Found estimator plug-in: dummy (<DummyTable.DummyTable object at 0x72332fd9ae30>)
2025-07-17 02:04:05 INFO        Found estimator plug-in: CactiCache (<accelergy.plug_in_interface.estimator_wrapper.EstimatorWrapper object at 0x72332fd9b6a0>)
2025-07-17 02:04:05 INFO        Found estimator plug-in: CactiDRAM (<accelergy.plug_in_interface.estimator_wrapper.EstimatorWrapper object at 0x72332fd9b610>)
2025-07-17 02:04:05 INFO        Found estimator plug-in: CactiSRAM (<accelergy.plug_in_interface.estimator_wrapper.EstimatorWrapper object at 0x72332fd9b940>)
2025-07-17 02:04:05 INFO        
2025-07-17 02:04:05 INFO        ENERGY ESTIMATION for DRAM(depth=131072, width=32768, datawidth=8, has_power_gating=False, n_banks=2, cluster_size=1, reduction_supported=True, multiple_buffering=1, min_utilization=0, allow_overbooking=False, meshX=1, meshY=1, technology=40nm, global_cycle_seconds=1e-09, version=0.4, action_latency_cycles=1, cycle_seconds=1e-09, n_instances=1).write(global_cycle_seconds=1e-09, action_latency_cycles=1)
2025-07-17 02:04:05 INFO        CactiDRAM estimated 2.62144e-07 with accuracy 80%. Messages:
2025-07-17 02:04:05 INFO        | Unused arguments (depth, datawidth, has_power_gating, n_banks, cluster_size, reduction_supported, multiple_buffering, min_utilization, allow_overbooking, meshX, meshY, technology, global_cycle_seconds, version, action_latency_cycles, cycle_seconds, n_instances) provided for ['DRAM', 'dram'].__init__. Arguments used: (width)
2025-07-17 02:04:05 INFO        | Unused arguments (global_cycle_seconds, action_latency_cycles) provided for ['DRAM', 'dram'].write. Arguments used: ()
2025-07-17 02:04:05 INFO        
2025-07-17 02:04:05 INFO        ENERGY ESTIMATION for DRAM(depth=131072, width=32768, datawidth=8, has_power_gating=False, n_banks=2, cluster_size=1, reduction_supported=True, multiple_buffering=1, min_utilization=0, allow_overbooking=False, meshX=1, meshY=1, technology=40nm, global_cycle_seconds=1e-09, version=0.4, action_latency_cycles=1, cycle_seconds=1e-09, n_instances=1).leak(global_cycle_seconds=1e-09, action_latency_cycles=1)
2025-07-17 02:04:05 INFO        CactiDRAM estimated 0 with accuracy 80%. Messages:
2025-07-17 02:04:05 INFO        | Unused arguments (depth, datawidth, has_power_gating, n_banks, cluster_size, reduction_supported, multiple_buffering, min_utilization, allow_overbooking, meshX, meshY, technology, global_cycle_seconds, version, action_latency_cycles, cycle_seconds, n_instances) provided for ['DRAM', 'dram'].__init__. Arguments used: (width)
2025-07-17 02:04:05 INFO        | Unused arguments (action_latency_cycles) provided for ['DRAM', 'dram'].leak. Arguments used: (global_cycle_seconds)
2025-07-17 02:04:05 INFO        | Multiplying by n_instances 1
2025-07-17 02:04:05 INFO        
2025-07-17 02:04:05 INFO        ENERGY ESTIMATION for DRAM(depth=131072, width=32768, datawidth=8, has_power_gating=False, n_banks=2, cluster_size=1, reduction_supported=True, multiple_buffering=1, min_utilization=0, allow_overbooking=False, meshX=1, meshY=1, technology=40nm, global_cycle_seconds=1e-09, version=0.4, action_latency_cycles=1, cycle_seconds=1e-09, n_instances=1).update(global_cycle_seconds=1e-09, action_latency_cycles=1)
2025-07-17 02:04:05 INFO        CactiDRAM estimated 2.62144e-07 with accuracy 80%. Messages:
2025-07-17 02:04:05 INFO        | Unused arguments (depth, datawidth, has_power_gating, n_banks, cluster_size, reduction_supported, multiple_buffering, min_utilization, allow_overbooking, meshX, meshY, technology, global_cycle_seconds, version, action_latency_cycles, cycle_seconds, n_instances) provided for ['DRAM', 'dram'].__init__. Arguments used: (width)
2025-07-17 02:04:05 INFO        | Unused arguments (global_cycle_seconds, action_latency_cycles) provided for ['DRAM', 'dram'].update. Arguments used: ()
2025-07-17 02:04:05 INFO        
2025-07-17 02:04:05 INFO        ENERGY ESTIMATION for DRAM(depth=131072, width=32768, datawidth=8, has_power_gating=False, n_banks=2, cluster_size=1, reduction_supported=True, multiple_buffering=1, min_utilization=0, allow_overbooking=False, meshX=1, meshY=1, technology=40nm, global_cycle_seconds=1e-09, version=0.4, action_latency_cycles=1, cycle_seconds=1e-09, n_instances=1).read(global_cycle_seconds=1e-09, action_latency_cycles=1)
2025-07-17 02:04:05 INFO        CactiDRAM estimated 2.62144e-07 with accuracy 80%. Messages:
2025-07-17 02:04:05 INFO        | Unused arguments (depth, datawidth, has_power_gating, n_banks, cluster_size, reduction_supported, multiple_buffering, min_utilization, allow_overbooking, meshX, meshY, technology, global_cycle_seconds, version, action_latency_cycles, cycle_seconds, n_instances) provided for ['DRAM', 'dram'].__init__. Arguments used: (width)
2025-07-17 02:04:05 INFO        | Unused arguments (global_cycle_seconds, action_latency_cycles) provided for ['DRAM', 'dram'].read. Arguments used: ()
2025-07-17 02:04:05 INFO        
2025-07-17 02:04:05 INFO        ENERGY ESTIMATION for SRAM(depth=65536, width=512, datawidth=8, has_power_gating=False, n_banks=2, cluster_size=1, reduction_supported=True, multiple_buffering=1, min_utilization=0, allow_overbooking=False, meshX=1, meshY=1, technology=40nm, global_cycle_seconds=1e-09, version=0.4, action_latency_cycles=1, cycle_seconds=1e-09, n_instances=1).write(global_cycle_seconds=1e-09, action_latency_cycles=1)
2025-07-17 02:04:07 INFO        CactiSRAM estimated 8.842973076923077e-10 with accuracy 80%. Messages:
2025-07-17 02:04:07 INFO        | Unused arguments (datawidth, has_power_gating, cluster_size, reduction_supported, multiple_buffering, min_utilization, allow_overbooking, meshX, meshY, global_cycle_seconds, version, action_latency_cycles, cycle_seconds, n_instances) provided for ['SRAM', 'sram'].__init__. Arguments used: (depth, width, n_banks, technology)
2025-07-17 02:04:07 INFO        | Unused arguments (global_cycle_seconds, action_latency_cycles) provided for ['SRAM', 'sram'].write. Arguments used: ()
2025-07-17 02:04:07 INFO        | Interpolating technology between 32 and 45.
2025-07-17 02:04:07 INFO        | Calling CACTI with cache_size=4194304 n_rw_ports=1 block_size=64 tech_node_um=0.032 n_banks=2 tag_size=0 associativity=1
2025-07-17 02:04:07 INFO        | Calling CACTI with input path /usr/local/share/accelergy/estimation_plug_ins/accelergy-cacti-plug-in/cacti_inputs_outputs/tmpfnr3hhf6
2025-07-17 02:04:07 INFO        | CACTI output will be written to /usr/local/share/accelergy/estimation_plug_ins/accelergy-cacti-plug-in/cacti_inputs_outputs/tmp5i8sacjo
2025-07-17 02:04:07 INFO        | CACTI executable not found at /usr/local/share/accelergy/estimation_plug_ins/accelergy-cacti-plug-in/cacti/cacti
2025-07-17 02:04:07 INFO        | Calling: cd /usr/local/share/accelergy/estimation_plug_ins/accelergy-cacti-plug-in ; ./cacti -infile /usr/local/share/accelergy/estimation_plug_ins/accelergy-cacti-plug-in/cacti_inputs_outputs/tmpfnr3hhf6 >> /usr/local/share/accelergy/estimation_plug_ins/accelergy-cacti-plug-in/cacti_inputs_outputs/tmp5i8sacjo 2>&1
2025-07-17 02:04:07 INFO        | Calling CACTI with cache_size=4194304 n_rw_ports=1 block_size=64 tech_node_um=0.045 n_banks=2 tag_size=0 associativity=1
2025-07-17 02:04:07 INFO        | Calling CACTI with input path /usr/local/share/accelergy/estimation_plug_ins/accelergy-cacti-plug-in/cacti_inputs_outputs/tmp3pgds7rl
2025-07-17 02:04:07 INFO        | CACTI output will be written to /usr/local/share/accelergy/estimation_plug_ins/accelergy-cacti-plug-in/cacti_inputs_outputs/tmpvmzr0kv0
2025-07-17 02:04:07 INFO        | CACTI executable not found at /usr/local/share/accelergy/estimation_plug_ins/accelergy-cacti-plug-in/cacti/cacti
2025-07-17 02:04:07 INFO        | Calling: cd /usr/local/share/accelergy/estimation_plug_ins/accelergy-cacti-plug-in ; ./cacti -infile /usr/local/share/accelergy/estimation_plug_ins/accelergy-cacti-plug-in/cacti_inputs_outputs/tmp3pgds7rl >> /usr/local/share/accelergy/estimation_plug_ins/accelergy-cacti-plug-in/cacti_inputs_outputs/tmpvmzr0kv0 2>&1
2025-07-17 02:04:07 INFO        | Cache bandwidth: 128.0 bytes/cycle
2025-07-17 02:04:07 INFO        | Cache bandwidth: 279877419072.70416 bits/second
2025-07-17 02:04:07 INFO        
2025-07-17 02:04:07 INFO        ENERGY ESTIMATION for SRAM(depth=65536, width=512, datawidth=8, has_power_gating=False, n_banks=2, cluster_size=1, reduction_supported=True, multiple_buffering=1, min_utilization=0, allow_overbooking=False, meshX=1, meshY=1, technology=40nm, global_cycle_seconds=1e-09, version=0.4, action_latency_cycles=1, cycle_seconds=1e-09, n_instances=1).leak(global_cycle_seconds=1e-09, action_latency_cycles=1)
2025-07-17 02:04:10 INFO        CactiSRAM estimated 1.263009076923077e-13 with accuracy 80%. Messages:
2025-07-17 02:04:10 INFO        | Unused arguments (datawidth, has_power_gating, cluster_size, reduction_supported, multiple_buffering, min_utilization, allow_overbooking, meshX, meshY, global_cycle_seconds, version, action_latency_cycles, cycle_seconds, n_instances) provided for ['SRAM', 'sram'].__init__. Arguments used: (depth, width, n_banks, technology)
2025-07-17 02:04:10 INFO        | Unused arguments (action_latency_cycles) provided for ['SRAM', 'sram'].leak. Arguments used: (global_cycle_seconds)
2025-07-17 02:04:10 INFO        | Interpolating technology between 32 and 45.
2025-07-17 02:04:10 INFO        | Calling CACTI with cache_size=4194304 n_rw_ports=1 block_size=64 tech_node_um=0.032 n_banks=2 tag_size=0 associativity=1
2025-07-17 02:04:10 INFO        | Calling CACTI with input path /usr/local/share/accelergy/estimation_plug_ins/accelergy-cacti-plug-in/cacti_inputs_outputs/tmpm0pftdh9
2025-07-17 02:04:10 INFO        | CACTI output will be written to /usr/local/share/accelergy/estimation_plug_ins/accelergy-cacti-plug-in/cacti_inputs_outputs/tmp4bler8o4
2025-07-17 02:04:10 INFO        | CACTI executable not found at /usr/local/share/accelergy/estimation_plug_ins/accelergy-cacti-plug-in/cacti/cacti
2025-07-17 02:04:10 INFO        | Calling: cd /usr/local/share/accelergy/estimation_plug_ins/accelergy-cacti-plug-in ; ./cacti -infile /usr/local/share/accelergy/estimation_plug_ins/accelergy-cacti-plug-in/cacti_inputs_outputs/tmpm0pftdh9 >> /usr/local/share/accelergy/estimation_plug_ins/accelergy-cacti-plug-in/cacti_inputs_outputs/tmp4bler8o4 2>&1
2025-07-17 02:04:10 INFO        | Calling CACTI with cache_size=4194304 n_rw_ports=1 block_size=64 tech_node_um=0.045 n_banks=2 tag_size=0 associativity=1
2025-07-17 02:04:10 INFO        | Calling CACTI with input path /usr/local/share/accelergy/estimation_plug_ins/accelergy-cacti-plug-in/cacti_inputs_outputs/tmp72cwzjpn
2025-07-17 02:04:10 INFO        | CACTI output will be written to /usr/local/share/accelergy/estimation_plug_ins/accelergy-cacti-plug-in/cacti_inputs_outputs/tmpuwo2jl4e
2025-07-17 02:04:10 INFO        | CACTI executable not found at /usr/local/share/accelergy/estimation_plug_ins/accelergy-cacti-plug-in/cacti/cacti
2025-07-17 02:04:10 INFO        | Calling: cd /usr/local/share/accelergy/estimation_plug_ins/accelergy-cacti-plug-in ; ./cacti -infile /usr/local/share/accelergy/estimation_plug_ins/accelergy-cacti-plug-in/cacti_inputs_outputs/tmp72cwzjpn >> /usr/local/share/accelergy/estimation_plug_ins/accelergy-cacti-plug-in/cacti_inputs_outputs/tmpuwo2jl4e 2>&1
2025-07-17 02:04:10 INFO        | Cache bandwidth: 128.0 bytes/cycle
2025-07-17 02:04:10 INFO        | Cache bandwidth: 279877419072.70416 bits/second
2025-07-17 02:04:10 INFO        | Global cycle time 1e-09 is less than the cache's random cycle time 3.658744615384616e-09
2025-07-17 02:04:10 INFO        | Multiplying by n_instances 1
2025-07-17 02:04:10 INFO        
2025-07-17 02:04:10 INFO        ENERGY ESTIMATION for SRAM(depth=65536, width=512, datawidth=8, has_power_gating=False, n_banks=2, cluster_size=1, reduction_supported=True, multiple_buffering=1, min_utilization=0, allow_overbooking=False, meshX=1, meshY=1, technology=40nm, global_cycle_seconds=1e-09, version=0.4, action_latency_cycles=1, cycle_seconds=1e-09, n_instances=1).update(global_cycle_seconds=1e-09, action_latency_cycles=1)
2025-07-17 02:04:12 INFO        CactiSRAM estimated 8.842973076923077e-10 with accuracy 80%. Messages:
2025-07-17 02:04:12 INFO        | Unused arguments (datawidth, has_power_gating, cluster_size, reduction_supported, multiple_buffering, min_utilization, allow_overbooking, meshX, meshY, global_cycle_seconds, version, action_latency_cycles, cycle_seconds, n_instances) provided for ['SRAM', 'sram'].__init__. Arguments used: (depth, width, n_banks, technology)
2025-07-17 02:04:12 INFO        | Unused arguments (global_cycle_seconds, action_latency_cycles) provided for ['SRAM', 'sram'].update. Arguments used: ()
2025-07-17 02:04:12 INFO        | Interpolating technology between 32 and 45.
2025-07-17 02:04:12 INFO        | Calling CACTI with cache_size=4194304 n_rw_ports=1 block_size=64 tech_node_um=0.032 n_banks=2 tag_size=0 associativity=1
2025-07-17 02:04:12 INFO        | Calling CACTI with input path /usr/local/share/accelergy/estimation_plug_ins/accelergy-cacti-plug-in/cacti_inputs_outputs/tmpp4do87wg
2025-07-17 02:04:12 INFO        | CACTI output will be written to /usr/local/share/accelergy/estimation_plug_ins/accelergy-cacti-plug-in/cacti_inputs_outputs/tmpbosjvutp
2025-07-17 02:04:12 INFO        | CACTI executable not found at /usr/local/share/accelergy/estimation_plug_ins/accelergy-cacti-plug-in/cacti/cacti
2025-07-17 02:04:12 INFO        | Calling: cd /usr/local/share/accelergy/estimation_plug_ins/accelergy-cacti-plug-in ; ./cacti -infile /usr/local/share/accelergy/estimation_plug_ins/accelergy-cacti-plug-in/cacti_inputs_outputs/tmpp4do87wg >> /usr/local/share/accelergy/estimation_plug_ins/accelergy-cacti-plug-in/cacti_inputs_outputs/tmpbosjvutp 2>&1
2025-07-17 02:04:12 INFO        | Calling CACTI with cache_size=4194304 n_rw_ports=1 block_size=64 tech_node_um=0.045 n_banks=2 tag_size=0 associativity=1
2025-07-17 02:04:12 INFO        | Calling CACTI with input path /usr/local/share/accelergy/estimation_plug_ins/accelergy-cacti-plug-in/cacti_inputs_outputs/tmpvl0k8v27
2025-07-17 02:04:12 INFO        | CACTI output will be written to /usr/local/share/accelergy/estimation_plug_ins/accelergy-cacti-plug-in/cacti_inputs_outputs/tmp8yyt45pf
2025-07-17 02:04:12 INFO        | CACTI executable not found at /usr/local/share/accelergy/estimation_plug_ins/accelergy-cacti-plug-in/cacti/cacti
2025-07-17 02:04:12 INFO        | Calling: cd /usr/local/share/accelergy/estimation_plug_ins/accelergy-cacti-plug-in ; ./cacti -infile /usr/local/share/accelergy/estimation_plug_ins/accelergy-cacti-plug-in/cacti_inputs_outputs/tmpvl0k8v27 >> /usr/local/share/accelergy/estimation_plug_ins/accelergy-cacti-plug-in/cacti_inputs_outputs/tmp8yyt45pf 2>&1
2025-07-17 02:04:12 INFO        | Cache bandwidth: 128.0 bytes/cycle
2025-07-17 02:04:12 INFO        | Cache bandwidth: 279877419072.70416 bits/second
2025-07-17 02:04:12 INFO        
2025-07-17 02:04:12 INFO        ENERGY ESTIMATION for SRAM(depth=65536, width=512, datawidth=8, has_power_gating=False, n_banks=2, cluster_size=1, reduction_supported=True, multiple_buffering=1, min_utilization=0, allow_overbooking=False, meshX=1, meshY=1, technology=40nm, global_cycle_seconds=1e-09, version=0.4, action_latency_cycles=1, cycle_seconds=1e-09, n_instances=1).read(global_cycle_seconds=1e-09, action_latency_cycles=1)
2025-07-17 02:04:14 INFO        CactiSRAM estimated 8.372934615384617e-10 with accuracy 80%. Messages:
2025-07-17 02:04:14 INFO        | Unused arguments (datawidth, has_power_gating, cluster_size, reduction_supported, multiple_buffering, min_utilization, allow_overbooking, meshX, meshY, global_cycle_seconds, version, action_latency_cycles, cycle_seconds, n_instances) provided for ['SRAM', 'sram'].__init__. Arguments used: (depth, width, n_banks, technology)
2025-07-17 02:04:14 INFO        | Unused arguments (global_cycle_seconds, action_latency_cycles) provided for ['SRAM', 'sram'].read. Arguments used: ()
2025-07-17 02:04:14 INFO        | Interpolating technology between 32 and 45.
2025-07-17 02:04:14 INFO        | Calling CACTI with cache_size=4194304 n_rw_ports=1 block_size=64 tech_node_um=0.032 n_banks=2 tag_size=0 associativity=1
2025-07-17 02:04:14 INFO        | Calling CACTI with input path /usr/local/share/accelergy/estimation_plug_ins/accelergy-cacti-plug-in/cacti_inputs_outputs/tmpbilbm3ta
2025-07-17 02:04:14 INFO        | CACTI output will be written to /usr/local/share/accelergy/estimation_plug_ins/accelergy-cacti-plug-in/cacti_inputs_outputs/tmpavjczba_
2025-07-17 02:04:14 INFO        | CACTI executable not found at /usr/local/share/accelergy/estimation_plug_ins/accelergy-cacti-plug-in/cacti/cacti
2025-07-17 02:04:14 INFO        | Calling: cd /usr/local/share/accelergy/estimation_plug_ins/accelergy-cacti-plug-in ; ./cacti -infile /usr/local/share/accelergy/estimation_plug_ins/accelergy-cacti-plug-in/cacti_inputs_outputs/tmpbilbm3ta >> /usr/local/share/accelergy/estimation_plug_ins/accelergy-cacti-plug-in/cacti_inputs_outputs/tmpavjczba_ 2>&1
2025-07-17 02:04:14 INFO        | Calling CACTI with cache_size=4194304 n_rw_ports=1 block_size=64 tech_node_um=0.045 n_banks=2 tag_size=0 associativity=1
2025-07-17 02:04:14 INFO        | Calling CACTI with input path /usr/local/share/accelergy/estimation_plug_ins/accelergy-cacti-plug-in/cacti_inputs_outputs/tmp7l95fw0f
2025-07-17 02:04:14 INFO        | CACTI output will be written to /usr/local/share/accelergy/estimation_plug_ins/accelergy-cacti-plug-in/cacti_inputs_outputs/tmpcmiu2cv6
2025-07-17 02:04:14 INFO        | CACTI executable not found at /usr/local/share/accelergy/estimation_plug_ins/accelergy-cacti-plug-in/cacti/cacti
2025-07-17 02:04:14 INFO        | Calling: cd /usr/local/share/accelergy/estimation_plug_ins/accelergy-cacti-plug-in ; ./cacti -infile /usr/local/share/accelergy/estimation_plug_ins/accelergy-cacti-plug-in/cacti_inputs_outputs/tmp7l95fw0f >> /usr/local/share/accelergy/estimation_plug_ins/accelergy-cacti-plug-in/cacti_inputs_outputs/tmpcmiu2cv6 2>&1
2025-07-17 02:04:14 INFO        | Cache bandwidth: 128.0 bytes/cycle
2025-07-17 02:04:14 INFO        | Cache bandwidth: 279877419072.70416 bits/second
2025-07-17 02:04:14 INFO        
2025-07-17 02:04:14 INFO        ENERGY ESTIMATION for regfile(depth=64, width=8, datawidth=8, has_power_gating=False, n_banks=2, cluster_size=1, reduction_supported=True, multiple_buffering=1, min_utilization=0, allow_overbooking=False, meshX=16, meshY=16, technology=40nm, global_cycle_seconds=1e-09, version=0.4, action_latency_cycles=1, cycle_seconds=1e-09, n_instances=1).write(global_cycle_seconds=1e-09, action_latency_cycles=1)
2025-07-17 02:04:14 INFO        Aladdin_table estimated 0.36264p with accuracy 70%. 
2025-07-17 02:04:14 INFO        
2025-07-17 02:04:14 INFO        ENERGY ESTIMATION for regfile(depth=64, width=8, datawidth=8, has_power_gating=False, n_banks=2, cluster_size=1, reduction_supported=True, multiple_buffering=1, min_utilization=0, allow_overbooking=False, meshX=16, meshY=16, technology=40nm, global_cycle_seconds=1e-09, version=0.4, action_latency_cycles=1, cycle_seconds=1e-09, n_instances=1).leak(global_cycle_seconds=1e-09, action_latency_cycles=1)
2025-07-17 02:04:14 INFO        Aladdin_table estimated 0.0003712p with accuracy 70%. Messages:
2025-07-17 02:04:14 INFO        | Multiplying by n_instances 1
2025-07-17 02:04:14 INFO        
2025-07-17 02:04:14 INFO        ENERGY ESTIMATION for regfile(depth=64, width=8, datawidth=8, has_power_gating=False, n_banks=2, cluster_size=1, reduction_supported=True, multiple_buffering=1, min_utilization=0, allow_overbooking=False, meshX=16, meshY=16, technology=40nm, global_cycle_seconds=1e-09, version=0.4, action_latency_cycles=1, cycle_seconds=1e-09, n_instances=1).update(global_cycle_seconds=1e-09, action_latency_cycles=1)
2025-07-17 02:04:14 INFO        Aladdin_table estimated 0.36264p with accuracy 70%. 
2025-07-17 02:04:14 INFO        
2025-07-17 02:04:14 INFO        ENERGY ESTIMATION for regfile(depth=64, width=8, datawidth=8, has_power_gating=False, n_banks=2, cluster_size=1, reduction_supported=True, multiple_buffering=1, min_utilization=0, allow_overbooking=False, meshX=16, meshY=16, technology=40nm, global_cycle_seconds=1e-09, version=0.4, action_latency_cycles=1, cycle_seconds=1e-09, n_instances=1).read(global_cycle_seconds=1e-09, action_latency_cycles=1)
2025-07-17 02:04:14 INFO        Aladdin_table estimated 0.36264p with accuracy 70%. 
2025-07-17 02:04:14 INFO        
2025-07-17 02:04:14 INFO        ENERGY ESTIMATION for intmac(width=8, has_power_gating=False, meshX=16, meshY=16, technology=40nm, global_cycle_seconds=1e-09, version=0.4, action_latency_cycles=1, cycle_seconds=1e-09, n_instances=1).compute(global_cycle_seconds=1e-09, action_latency_cycles=1)
2025-07-17 02:04:14 INFO        Aladdin_table estimated 0.845p with accuracy 70%. 
2025-07-17 02:04:14 WARNING     No action counts are specified as yaml input
2025-07-17 02:04:14 INFO        
2025-07-17 02:04:14 INFO        AREA ESTIMATION for DRAM(depth=131072, width=32768, datawidth=8, has_power_gating=False, n_banks=2, cluster_size=1, reduction_supported=True, multiple_buffering=1, min_utilization=0, allow_overbooking=False, meshX=1, meshY=1, technology=40nm, global_cycle_seconds=1e-09, version=0.4, action_latency_cycles=1, cycle_seconds=1e-09, n_instances=1)
2025-07-17 02:04:14 INFO        CactiDRAM estimated 0 with accuracy 80%. Messages:
2025-07-17 02:04:14 INFO        | Unused arguments (depth, datawidth, has_power_gating, n_banks, cluster_size, reduction_supported, multiple_buffering, min_utilization, allow_overbooking, meshX, meshY, technology, global_cycle_seconds, version, action_latency_cycles, cycle_seconds, n_instances) provided for ['DRAM', 'dram'].__init__. Arguments used: (width)
2025-07-17 02:04:14 INFO        | Multiplying by n_instances 1
2025-07-17 02:04:14 INFO        
2025-07-17 02:04:14 INFO        AREA ESTIMATION for SRAM(depth=65536, width=512, datawidth=8, has_power_gating=False, n_banks=2, cluster_size=1, reduction_supported=True, multiple_buffering=1, min_utilization=0, allow_overbooking=False, meshX=1, meshY=1, technology=40nm, global_cycle_seconds=1e-09, version=0.4, action_latency_cycles=1, cycle_seconds=1e-09, n_instances=1)
2025-07-17 02:04:16 INFO        CactiSRAM estimated 1.3699161538461539e-05 with accuracy 80%. Messages:
2025-07-17 02:04:16 INFO        | Unused arguments (datawidth, has_power_gating, cluster_size, reduction_supported, multiple_buffering, min_utilization, allow_overbooking, meshX, meshY, global_cycle_seconds, version, action_latency_cycles, cycle_seconds, n_instances) provided for ['SRAM', 'sram'].__init__. Arguments used: (depth, width, n_banks, technology)
2025-07-17 02:04:16 INFO        | Interpolating technology between 32 and 45.
2025-07-17 02:04:16 INFO        | Calling CACTI with cache_size=4194304 n_rw_ports=1 block_size=64 tech_node_um=0.032 n_banks=2 tag_size=0 associativity=1
2025-07-17 02:04:16 INFO        | Calling CACTI with input path /usr/local/share/accelergy/estimation_plug_ins/accelergy-cacti-plug-in/cacti_inputs_outputs/tmpz0yjuzy3
2025-07-17 02:04:16 INFO        | CACTI output will be written to /usr/local/share/accelergy/estimation_plug_ins/accelergy-cacti-plug-in/cacti_inputs_outputs/tmpdm9v5xls
2025-07-17 02:04:16 INFO        | CACTI executable not found at /usr/local/share/accelergy/estimation_plug_ins/accelergy-cacti-plug-in/cacti/cacti
2025-07-17 02:04:16 INFO        | Calling: cd /usr/local/share/accelergy/estimation_plug_ins/accelergy-cacti-plug-in ; ./cacti -infile /usr/local/share/accelergy/estimation_plug_ins/accelergy-cacti-plug-in/cacti_inputs_outputs/tmpz0yjuzy3 >> /usr/local/share/accelergy/estimation_plug_ins/accelergy-cacti-plug-in/cacti_inputs_outputs/tmpdm9v5xls 2>&1
2025-07-17 02:04:16 INFO        | Calling CACTI with cache_size=4194304 n_rw_ports=1 block_size=64 tech_node_um=0.045 n_banks=2 tag_size=0 associativity=1
2025-07-17 02:04:16 INFO        | Calling CACTI with input path /usr/local/share/accelergy/estimation_plug_ins/accelergy-cacti-plug-in/cacti_inputs_outputs/tmp3chfhgj0
2025-07-17 02:04:16 INFO        | CACTI output will be written to /usr/local/share/accelergy/estimation_plug_ins/accelergy-cacti-plug-in/cacti_inputs_outputs/tmp62clwk9m
2025-07-17 02:04:16 INFO        | CACTI executable not found at /usr/local/share/accelergy/estimation_plug_ins/accelergy-cacti-plug-in/cacti/cacti
2025-07-17 02:04:16 INFO        | Calling: cd /usr/local/share/accelergy/estimation_plug_ins/accelergy-cacti-plug-in ; ./cacti -infile /usr/local/share/accelergy/estimation_plug_ins/accelergy-cacti-plug-in/cacti_inputs_outputs/tmp3chfhgj0 >> /usr/local/share/accelergy/estimation_plug_ins/accelergy-cacti-plug-in/cacti_inputs_outputs/tmp62clwk9m 2>&1
2025-07-17 02:04:17 INFO        | Cache bandwidth: 128.0 bytes/cycle
2025-07-17 02:04:17 INFO        | Cache bandwidth: 279877419072.70416 bits/second
2025-07-17 02:04:17 INFO        | Multiplying by n_instances 1
2025-07-17 02:04:17 INFO        
2025-07-17 02:04:17 INFO        AREA ESTIMATION for dummy_storage(width=1, depth=1, datawidth=1, technology=-1, has_power_gating=False, n_banks=2, cluster_size=1, reduction_supported=True, multiple_buffering=1, min_utilization=0, allow_overbooking=False, meshX=1, meshY=1, global_cycle_seconds=1e-09, version=0.4, action_latency_cycles=1, cycle_seconds=1e-09, n_instances=1)
2025-07-17 02:04:17 INFO        dummy estimated 1u^2 with accuracy 100%. Messages:
2025-07-17 02:04:17 INFO        | Multiplying by n_instances 1
2025-07-17 02:04:17 INFO        
2025-07-17 02:04:17 INFO        AREA ESTIMATION for regfile(depth=64, width=8, datawidth=8, has_power_gating=False, n_banks=2, cluster_size=1, reduction_supported=True, multiple_buffering=1, min_utilization=0, allow_overbooking=False, meshX=16, meshY=16, technology=40nm, global_cycle_seconds=1e-09, version=0.4, action_latency_cycles=1, cycle_seconds=1e-09, n_instances=1)
2025-07-17 02:04:17 INFO        Aladdin_table estimated 845.98u^2 with accuracy 70%. Messages:
2025-07-17 02:04:17 INFO        | Multiplying by n_instances 1
2025-07-17 02:04:17 INFO        
2025-07-17 02:04:17 INFO        AREA ESTIMATION for intmac(width=8, has_power_gating=False, meshX=16, meshY=16, technology=40nm, global_cycle_seconds=1e-09, version=0.4, action_latency_cycles=1, cycle_seconds=1e-09, n_instances=1)
2025-07-17 02:04:17 INFO        Aladdin_table estimated 466.375u^2 with accuracy 70%. Messages:
2025-07-17 02:04:17 INFO        | Multiplying by n_instances 1
2025-07-17 02:04:17 INFO        flattened architecture is saved to:
2025-07-17 02:04:17 INFO        ./timeloop-mapper.flattened_architecture.yaml
2025-07-17 02:04:17 INFO        energy reference table is saved to:
2025-07-17 02:04:17 INFO        ./timeloop-mapper.ERT.yaml
2025-07-17 02:04:17 INFO        energy reference table summary is saved to:
2025-07-17 02:04:17 INFO        ./timeloop-mapper.ERT_summary.yaml
2025-07-17 02:04:17 WARNING     no runtime energy estimations are generated... not generating energy_estimation.yaml
2025-07-17 02:04:17 INFO        area reference table is saved to:
2025-07-17 02:04:17 INFO        ./timeloop-mapper.ART.yaml
2025-07-17 02:04:17 INFO        area reference table summary is saved to:
2025-07-17 02:04:17 INFO        ./timeloop-mapper.ART_summary.yaml
